Analysis & Synthesis report for Magic_Box
Fri Dec 25 13:15:09 2020
Quartus II 32-bit Version 13.0.1 Build 232 06/12/2013 Service Pack 1.02,1.10 SJ Full Version


---------------------
; Table of Contents ;
---------------------
  1. Legal Notice
  2. Analysis & Synthesis Summary
  3. Analysis & Synthesis Settings
  4. Parallel Compilation
  5. Analysis & Synthesis Source Files Read
  6. Analysis & Synthesis Resource Usage Summary
  7. Analysis & Synthesis Resource Utilization by Entity
  8. Analysis & Synthesis IP Cores Summary
  9. General Register Statistics
 10. Parameter Settings for User Entity Instance: lpm_counter0:b2v_inst|lpm_counter:LPM_COUNTER_component
 11. Elapsed Time Per Partition
 12. Analysis & Synthesis Messages



----------------
; Legal Notice ;
----------------
Copyright (C) 1991-2013 Altera Corporation
Your use of Altera Corporation's design tools, logic functions 
and other software and tools, and its AMPP partner logic 
functions, and any output files from any of the foregoing 
(including device programming or simulation files), and any 
associated documentation or information are expressly subject 
to the terms and conditions of the Altera Program License 
Subscription Agreement, Altera MegaCore Function License 
Agreement, or other applicable license agreement, including, 
without limitation, that your use is for the sole purpose of 
programming logic devices manufactured by Altera and sold by 
Altera or its authorized distributors.  Please refer to the 
applicable agreement for further details.



+-----------------------------------------------------------------------------------------------+
; Analysis & Synthesis Summary                                                                  ;
+------------------------------------+----------------------------------------------------------+
; Analysis & Synthesis Status        ; Successful - Fri Dec 25 13:15:09 2020                    ;
; Quartus II 32-bit Version          ; 13.0.1 Build 232 06/12/2013 SP 1.02,1.10 SJ Full Version ;
; Revision Name                      ; Magic_Box                                                ;
; Top-level Entity Name              ; MAGIC_BOX                                                ;
; Family                             ; Cyclone IV E                                             ;
; Total logic elements               ; 28                                                       ;
;     Total combinational functions  ; 23                                                       ;
;     Dedicated logic registers      ; 11                                                       ;
; Total registers                    ; 11                                                       ;
; Total pins                         ; 19                                                       ;
; Total virtual pins                 ; 0                                                        ;
; Total memory bits                  ; 0                                                        ;
; Embedded Multiplier 9-bit elements ; 0                                                        ;
; Total PLLs                         ; 0                                                        ;
+------------------------------------+----------------------------------------------------------+


+----------------------------------------------------------------------------------------------------------------------+
; Analysis & Synthesis Settings                                                                                        ;
+----------------------------------------------------------------------------+--------------------+--------------------+
; Option                                                                     ; Setting            ; Default Value      ;
+----------------------------------------------------------------------------+--------------------+--------------------+
; Device                                                                     ; EP4CE115F29C7      ;                    ;
; Top-level entity name                                                      ; MAGIC_BOX          ; Magic_Box          ;
; Family name                                                                ; Cyclone IV E       ; Cyclone IV GX      ;
; Use smart compilation                                                      ; Off                ; Off                ;
; Enable parallel Assembler and TimeQuest Timing Analyzer during compilation ; On                 ; On                 ;
; Enable compact report table                                                ; Off                ; Off                ;
; Restructure Multiplexers                                                   ; Auto               ; Auto               ;
; Create Debugging Nodes for IP Cores                                        ; Off                ; Off                ;
; Preserve fewer node names                                                  ; On                 ; On                 ;
; Disable OpenCore Plus hardware evaluation                                  ; Off                ; Off                ;
; Verilog Version                                                            ; Verilog_2001       ; Verilog_2001       ;
; VHDL Version                                                               ; VHDL_1993          ; VHDL_1993          ;
; State Machine Processing                                                   ; Auto               ; Auto               ;
; Safe State Machine                                                         ; Off                ; Off                ;
; Extract Verilog State Machines                                             ; On                 ; On                 ;
; Extract VHDL State Machines                                                ; On                 ; On                 ;
; Ignore Verilog initial constructs                                          ; Off                ; Off                ;
; Iteration limit for constant Verilog loops                                 ; 5000               ; 5000               ;
; Iteration limit for non-constant Verilog loops                             ; 250                ; 250                ;
; Add Pass-Through Logic to Inferred RAMs                                    ; On                 ; On                 ;
; Infer RAMs from Raw Logic                                                  ; On                 ; On                 ;
; Parallel Synthesis                                                         ; On                 ; On                 ;
; DSP Block Balancing                                                        ; Auto               ; Auto               ;
; NOT Gate Push-Back                                                         ; On                 ; On                 ;
; Power-Up Don't Care                                                        ; On                 ; On                 ;
; Remove Redundant Logic Cells                                               ; Off                ; Off                ;
; Remove Duplicate Registers                                                 ; On                 ; On                 ;
; Ignore CARRY Buffers                                                       ; Off                ; Off                ;
; Ignore CASCADE Buffers                                                     ; Off                ; Off                ;
; Ignore GLOBAL Buffers                                                      ; Off                ; Off                ;
; Ignore ROW GLOBAL Buffers                                                  ; Off                ; Off                ;
; Ignore LCELL Buffers                                                       ; Off                ; Off                ;
; Ignore SOFT Buffers                                                        ; On                 ; On                 ;
; Limit AHDL Integers to 32 Bits                                             ; Off                ; Off                ;
; Optimization Technique                                                     ; Balanced           ; Balanced           ;
; Carry Chain Length                                                         ; 70                 ; 70                 ;
; Auto Carry Chains                                                          ; On                 ; On                 ;
; Auto Open-Drain Pins                                                       ; On                 ; On                 ;
; Perform WYSIWYG Primitive Resynthesis                                      ; Off                ; Off                ;
; Auto ROM Replacement                                                       ; On                 ; On                 ;
; Auto RAM Replacement                                                       ; On                 ; On                 ;
; Auto DSP Block Replacement                                                 ; On                 ; On                 ;
; Auto Shift Register Replacement                                            ; Auto               ; Auto               ;
; Allow Shift Register Merging across Hierarchies                            ; Auto               ; Auto               ;
; Auto Clock Enable Replacement                                              ; On                 ; On                 ;
; Strict RAM Replacement                                                     ; Off                ; Off                ;
; Allow Synchronous Control Signals                                          ; On                 ; On                 ;
; Force Use of Synchronous Clear Signals                                     ; Off                ; Off                ;
; Auto RAM Block Balancing                                                   ; On                 ; On                 ;
; Auto RAM to Logic Cell Conversion                                          ; Off                ; Off                ;
; Auto Resource Sharing                                                      ; Off                ; Off                ;
; Allow Any RAM Size For Recognition                                         ; Off                ; Off                ;
; Allow Any ROM Size For Recognition                                         ; Off                ; Off                ;
; Allow Any Shift Register Size For Recognition                              ; Off                ; Off                ;
; Use LogicLock Constraints during Resource Balancing                        ; On                 ; On                 ;
; Ignore translate_off and synthesis_off directives                          ; Off                ; Off                ;
; Timing-Driven Synthesis                                                    ; On                 ; On                 ;
; Report Parameter Settings                                                  ; On                 ; On                 ;
; Report Source Assignments                                                  ; On                 ; On                 ;
; Report Connectivity Checks                                                 ; On                 ; On                 ;
; Ignore Maximum Fan-Out Assignments                                         ; Off                ; Off                ;
; Synchronization Register Chain Length                                      ; 2                  ; 2                  ;
; PowerPlay Power Optimization                                               ; Normal compilation ; Normal compilation ;
; HDL message level                                                          ; Level2             ; Level2             ;
; Suppress Register Optimization Related Messages                            ; Off                ; Off                ;
; Number of Removed Registers Reported in Synthesis Report                   ; 5000               ; 5000               ;
; Number of Swept Nodes Reported in Synthesis Report                         ; 5000               ; 5000               ;
; Number of Inverted Registers Reported in Synthesis Report                  ; 100                ; 100                ;
; Clock MUX Protection                                                       ; On                 ; On                 ;
; Auto Gated Clock Conversion                                                ; Off                ; Off                ;
; Block Design Naming                                                        ; Auto               ; Auto               ;
; SDC constraint protection                                                  ; Off                ; Off                ;
; Synthesis Effort                                                           ; Auto               ; Auto               ;
; Shift Register Replacement - Allow Asynchronous Clear Signal               ; On                 ; On                 ;
; Pre-Mapping Resynthesis Optimization                                       ; Off                ; Off                ;
; Analysis & Synthesis Message Level                                         ; Medium             ; Medium             ;
; Disable Register Merging Across Hierarchies                                ; Auto               ; Auto               ;
; Resource Aware Inference For Block RAM                                     ; On                 ; On                 ;
; Synthesis Seed                                                             ; 1                  ; 1                  ;
+----------------------------------------------------------------------------+--------------------+--------------------+


+------------------------------------------+
; Parallel Compilation                     ;
+----------------------------+-------------+
; Processors                 ; Number      ;
+----------------------------+-------------+
; Number detected on machine ; 4           ;
; Maximum allowed            ; 4           ;
;                            ;             ;
; Average used               ; 1.00        ;
; Maximum used               ; 2           ;
;                            ;             ;
; Usage by Processor         ; % Time Used ;
;     Processor 1            ; 100.0%      ;
;     Processor 2            ; < 0.1%      ;
;     Processors 3-4         ;   0.0%      ;
+----------------------------+-------------+


+-------------------------------------------------------------------------------------------------------------------------------------------------------------------------+
; Analysis & Synthesis Source Files Read                                                                                                                                  ;
+----------------------------------+-----------------+------------------------------+---------------------------------------------------------------------------+---------+
; File Name with User-Entered Path ; Used in Netlist ; File Type                    ; File Name with Absolute Path                                              ; Library ;
+----------------------------------+-----------------+------------------------------+---------------------------------------------------------------------------+---------+
; or5_0.v                          ; yes             ; User Verilog HDL File        ; E:/QUARTUS/Magic_Box_v2/or5_0.v                                           ;         ;
; or5_1.v                          ; yes             ; User Verilog HDL File        ; E:/QUARTUS/Magic_Box_v2/or5_1.v                                           ;         ;
; MAGIC_BOX.v                      ; yes             ; User Verilog HDL File        ; E:/QUARTUS/Magic_Box_v2/MAGIC_BOX.v                                       ;         ;
; lpm_counter0.v                   ; yes             ; User Wizard-Generated File   ; E:/QUARTUS/Magic_Box_v2/lpm_counter0.v                                    ;         ;
; lpm_counter.tdf                  ; yes             ; Megafunction                 ; c:/altera/13.0sp1/quartus/libraries/megafunctions/lpm_counter.tdf         ;         ;
; lpm_constant.inc                 ; yes             ; Megafunction                 ; c:/altera/13.0sp1/quartus/libraries/megafunctions/lpm_constant.inc        ;         ;
; lpm_decode.inc                   ; yes             ; Megafunction                 ; c:/altera/13.0sp1/quartus/libraries/megafunctions/lpm_decode.inc          ;         ;
; lpm_add_sub.inc                  ; yes             ; Megafunction                 ; c:/altera/13.0sp1/quartus/libraries/megafunctions/lpm_add_sub.inc         ;         ;
; cmpconst.inc                     ; yes             ; Megafunction                 ; c:/altera/13.0sp1/quartus/libraries/megafunctions/cmpconst.inc            ;         ;
; lpm_compare.inc                  ; yes             ; Megafunction                 ; c:/altera/13.0sp1/quartus/libraries/megafunctions/lpm_compare.inc         ;         ;
; lpm_counter.inc                  ; yes             ; Megafunction                 ; c:/altera/13.0sp1/quartus/libraries/megafunctions/lpm_counter.inc         ;         ;
; dffeea.inc                       ; yes             ; Megafunction                 ; c:/altera/13.0sp1/quartus/libraries/megafunctions/dffeea.inc              ;         ;
; alt_counter_stratix.inc          ; yes             ; Megafunction                 ; c:/altera/13.0sp1/quartus/libraries/megafunctions/alt_counter_stratix.inc ;         ;
; aglobal130.inc                   ; yes             ; Megafunction                 ; c:/altera/13.0sp1/quartus/libraries/megafunctions/aglobal130.inc          ;         ;
; db/cntr_msi.tdf                  ; yes             ; Auto-Generated Megafunction  ; E:/QUARTUS/Magic_Box_v2/db/cntr_msi.tdf                                   ;         ;
+----------------------------------+-----------------+------------------------------+---------------------------------------------------------------------------+---------+


+--------------------------------------------------------+
; Analysis & Synthesis Resource Usage Summary            ;
+---------------------------------------------+----------+
; Resource                                    ; Usage    ;
+---------------------------------------------+----------+
; Estimated Total logic elements              ; 28       ;
;                                             ;          ;
; Total combinational functions               ; 23       ;
; Logic element usage by number of LUT inputs ;          ;
;     -- 4 input functions                    ; 7        ;
;     -- 3 input functions                    ; 8        ;
;     -- <=2 input functions                  ; 8        ;
;                                             ;          ;
; Logic elements by mode                      ;          ;
;     -- normal mode                          ; 19       ;
;     -- arithmetic mode                      ; 4        ;
;                                             ;          ;
; Total registers                             ; 11       ;
;     -- Dedicated logic registers            ; 11       ;
;     -- I/O registers                        ; 0        ;
;                                             ;          ;
; I/O pins                                    ; 19       ;
; Embedded Multiplier 9-bit elements          ; 0        ;
; Maximum fan-out node                        ; AM~input ;
; Maximum fan-out                             ; 9        ;
; Total fan-out                               ; 134      ;
; Average fan-out                             ; 1.86     ;
+---------------------------------------------+----------+


+-------------------------------------------------------------------------------------------------------------------------------------------------------------------------------------------------------------------------------------------------------------------+
; Analysis & Synthesis Resource Utilization by Entity                                                                                                                                                                                                               ;
+-------------------------------------------+-------------------+--------------+-------------+--------------+---------+-----------+------+--------------+--------------------------------------------------------------------------------------------+--------------+
; Compilation Hierarchy Node                ; LC Combinationals ; LC Registers ; Memory Bits ; DSP Elements ; DSP 9x9 ; DSP 18x18 ; Pins ; Virtual Pins ; Full Hierarchy Name                                                                        ; Library Name ;
+-------------------------------------------+-------------------+--------------+-------------+--------------+---------+-----------+------+--------------+--------------------------------------------------------------------------------------------+--------------+
; |MAGIC_BOX                                ; 23 (14)           ; 11 (6)       ; 0           ; 0            ; 0       ; 0         ; 19   ; 0            ; |MAGIC_BOX                                                                                 ; work         ;
;    |lpm_counter0:b2v_inst|                ; 6 (0)             ; 5 (0)        ; 0           ; 0            ; 0       ; 0         ; 0    ; 0            ; |MAGIC_BOX|lpm_counter0:b2v_inst                                                           ; work         ;
;       |lpm_counter:LPM_COUNTER_component| ; 6 (0)             ; 5 (0)        ; 0           ; 0            ; 0       ; 0         ; 0    ; 0            ; |MAGIC_BOX|lpm_counter0:b2v_inst|lpm_counter:LPM_COUNTER_component                         ; work         ;
;          |cntr_msi:auto_generated|        ; 6 (6)             ; 5 (5)        ; 0           ; 0            ; 0       ; 0         ; 0    ; 0            ; |MAGIC_BOX|lpm_counter0:b2v_inst|lpm_counter:LPM_COUNTER_component|cntr_msi:auto_generated ; work         ;
;    |or5_0:b2v_inst19|                     ; 1 (1)             ; 0 (0)        ; 0           ; 0            ; 0       ; 0         ; 0    ; 0            ; |MAGIC_BOX|or5_0:b2v_inst19                                                                ; work         ;
;    |or5_1:b2v_inst22|                     ; 2 (2)             ; 0 (0)        ; 0           ; 0            ; 0       ; 0         ; 0    ; 0            ; |MAGIC_BOX|or5_1:b2v_inst22                                                                ; work         ;
+-------------------------------------------+-------------------+--------------+-------------+--------------+---------+-----------+------+--------------+--------------------------------------------------------------------------------------------+--------------+
Note: For table entries with two numbers listed, the numbers in parentheses indicate the number of resources of the given type used by the specific entity alone. The numbers listed outside of parentheses indicate the total resources of the given type used by the specific entity and all of its sub-entities in the hierarchy.


+-------------------------------------------------------------------------------------------------------------------------------------------+
; Analysis & Synthesis IP Cores Summary                                                                                                     ;
+--------+--------------+---------+--------------+--------------+----------------------------------+----------------------------------------+
; Vendor ; IP Core Name ; Version ; Release Date ; License Type ; Entity Instance                  ; IP Include File                        ;
+--------+--------------+---------+--------------+--------------+----------------------------------+----------------------------------------+
; Altera ; LPM_COUNTER  ; N/A     ; N/A          ; N/A          ; |MAGIC_BOX|lpm_counter0:b2v_inst ; E:/QUARTUS/Magic_Box_v2/lpm_counter0.v ;
+--------+--------------+---------+--------------+--------------+----------------------------------+----------------------------------------+


+------------------------------------------------------+
; General Register Statistics                          ;
+----------------------------------------------+-------+
; Statistic                                    ; Value ;
+----------------------------------------------+-------+
; Total registers                              ; 11    ;
; Number of registers using Synchronous Clear  ; 0     ;
; Number of registers using Synchronous Load   ; 5     ;
; Number of registers using Asynchronous Clear ; 6     ;
; Number of registers using Asynchronous Load  ; 0     ;
; Number of registers using Clock Enable       ; 5     ;
; Number of registers using Preset             ; 0     ;
+----------------------------------------------+-------+


+------------------------------------------------------------------------------------------------------+
; Parameter Settings for User Entity Instance: lpm_counter0:b2v_inst|lpm_counter:LPM_COUNTER_component ;
+------------------------+--------------+--------------------------------------------------------------+
; Parameter Name         ; Value        ; Type                                                         ;
+------------------------+--------------+--------------------------------------------------------------+
; AUTO_CARRY_CHAINS      ; ON           ; AUTO_CARRY                                                   ;
; IGNORE_CARRY_BUFFERS   ; OFF          ; IGNORE_CARRY                                                 ;
; AUTO_CASCADE_CHAINS    ; ON           ; AUTO_CASCADE                                                 ;
; IGNORE_CASCADE_BUFFERS ; OFF          ; IGNORE_CASCADE                                               ;
; LPM_WIDTH              ; 5            ; Signed Integer                                               ;
; LPM_DIRECTION          ; UP           ; Untyped                                                      ;
; LPM_MODULUS            ; 0            ; Untyped                                                      ;
; LPM_AVALUE             ; UNUSED       ; Untyped                                                      ;
; LPM_SVALUE             ; UNUSED       ; Untyped                                                      ;
; LPM_PORT_UPDOWN        ; PORT_UNUSED  ; Untyped                                                      ;
; DEVICE_FAMILY          ; Cyclone IV E ; Untyped                                                      ;
; CARRY_CHAIN            ; MANUAL       ; Untyped                                                      ;
; CARRY_CHAIN_LENGTH     ; 48           ; CARRY_CHAIN_LENGTH                                           ;
; NOT_GATE_PUSH_BACK     ; ON           ; NOT_GATE_PUSH_BACK                                           ;
; CARRY_CNT_EN           ; SMART        ; Untyped                                                      ;
; LABWIDE_SCLR           ; ON           ; Untyped                                                      ;
; USE_NEW_VERSION        ; TRUE         ; Untyped                                                      ;
; CBXI_PARAMETER         ; cntr_msi     ; Untyped                                                      ;
+------------------------+--------------+--------------------------------------------------------------+
Note: In order to hide this table in the UI and the text report file, please set the "Show Parameter Settings in Synthesis Report" option in "Analysis and Synthesis Settings -> More Settings" to "Off".


+-------------------------------+
; Elapsed Time Per Partition    ;
+----------------+--------------+
; Partition Name ; Elapsed Time ;
+----------------+--------------+
; Top            ; 00:00:00     ;
+----------------+--------------+


+-------------------------------+
; Analysis & Synthesis Messages ;
+-------------------------------+
Info: *******************************************************************
Info: Running Quartus II 32-bit Analysis & Synthesis
    Info: Version 13.0.1 Build 232 06/12/2013 Service Pack 1.02,1.10 SJ Full Version
    Info: Processing started: Fri Dec 25 13:15:07 2020
Info: Command: quartus_map --read_settings_files=on --write_settings_files=off Magic_Box -c Magic_Box
Info (20030): Parallel compilation is enabled and will use 4 of the 4 processors detected
Info (12021): Found 1 design units, including 1 entities, in source file or5_0.v
    Info (12023): Found entity 1: or5_0
Info (12021): Found 1 design units, including 1 entities, in source file or5_1.v
    Info (12023): Found entity 1: or5_1
Info (12021): Found 1 design units, including 1 entities, in source file magic_box.v
    Info (12023): Found entity 1: MAGIC_BOX
Info (12021): Found 1 design units, including 1 entities, in source file lpm_counter0.v
    Info (12023): Found entity 1: lpm_counter0
Info (12127): Elaborating entity "MAGIC_BOX" for the top level hierarchy
Info (12128): Elaborating entity "lpm_counter0" for hierarchy "lpm_counter0:b2v_inst"
Info (12128): Elaborating entity "lpm_counter" for hierarchy "lpm_counter0:b2v_inst|lpm_counter:LPM_COUNTER_component"
Info (12130): Elaborated megafunction instantiation "lpm_counter0:b2v_inst|lpm_counter:LPM_COUNTER_component"
Info (12133): Instantiated megafunction "lpm_counter0:b2v_inst|lpm_counter:LPM_COUNTER_component" with the following parameter:
    Info (12134): Parameter "lpm_direction" = "UP"
    Info (12134): Parameter "lpm_port_updown" = "PORT_UNUSED"
    Info (12134): Parameter "lpm_type" = "LPM_COUNTER"
    Info (12134): Parameter "lpm_width" = "5"
Info (12021): Found 1 design units, including 1 entities, in source file db/cntr_msi.tdf
    Info (12023): Found entity 1: cntr_msi
Info (12128): Elaborating entity "cntr_msi" for hierarchy "lpm_counter0:b2v_inst|lpm_counter:LPM_COUNTER_component|cntr_msi:auto_generated"
Info (12128): Elaborating entity "or5_0" for hierarchy "or5_0:b2v_inst19"
Info (12128): Elaborating entity "or5_1" for hierarchy "or5_1:b2v_inst22"
Info (286030): Timing-Driven Synthesis is running
Info (16010): Generating hard_block partition "hard_block:auto_generated_inst"
    Info (16011): Adding 0 node(s), including 0 DDIO, 0 PLL, 0 transceiver and 0 LCELL
Info (21057): Implemented 48 device resources after synthesis - the final resource count might be different
    Info (21058): Implemented 7 input pins
    Info (21059): Implemented 12 output pins
    Info (21061): Implemented 29 logic cells
Info: Quartus II 32-bit Analysis & Synthesis was successful. 0 errors, 0 warnings
    Info: Peak virtual memory: 397 megabytes
    Info: Processing ended: Fri Dec 25 13:15:09 2020
    Info: Elapsed time: 00:00:02
    Info: Total CPU time (on all processors): 00:00:01


