Flow report for Magic_Box
Wed Dec 23 12:00:37 2020
Quartus II 32-bit Version 13.0.1 Build 232 06/12/2013 Service Pack 1.02,1.10 SJ Full Version


---------------------
; Table of Contents ;
---------------------
  1. Legal Notice
  2. Flow Summary
  3. Flow Settings
  4. Flow Non-Default Global Settings
  5. Flow Elapsed Time
  6. Flow OS Summary
  7. Flow Log
  8. Flow Messages
  9. Flow Suppressed Messages



----------------
; Legal Notice ;
----------------
Copyright (C) 1991-2013 Altera Corporation
Your use of Altera Corporation's design tools, logic functions 
and other software and tools, and its AMPP partner logic 
functions, and any output files from any of the foregoing 
(including device programming or simulation files), and any 
associated documentation or information are expressly subject 
to the terms and conditions of the Altera Program License 
Subscription Agreement, Altera MegaCore Function License 
Agreement, or other applicable license agreement, including, 
without limitation, that your use is for the sole purpose of 
programming logic devices manufactured by Altera and sold by 
Altera or its authorized distributors.  Please refer to the 
applicable agreement for further details.



+-----------------------------------------------------------------------------------------------+
; Flow Summary                                                                                  ;
+------------------------------------+----------------------------------------------------------+
; Flow Status                        ; Successful - Wed Dec 23 12:00:37 2020                    ;
; Quartus II 32-bit Version          ; 13.0.1 Build 232 06/12/2013 SP 1.02,1.10 SJ Full Version ;
; Revision Name                      ; Magic_Box                                                ;
; Top-level Entity Name              ; Magic_Box                                                ;
; Family                             ; Cyclone IV E                                             ;
; Device                             ; EP4CE115F29C7                                            ;
; Timing Models                      ; Final                                                    ;
; Total logic elements               ; 5 / 114,480 ( < 1 % )                                    ;
;     Total combinational functions  ; 5 / 114,480 ( < 1 % )                                    ;
;     Dedicated logic registers      ; 2 / 114,480 ( < 1 % )                                    ;
; Total registers                    ; 2                                                        ;
; Total pins                         ; 6 / 529 ( 1 % )                                          ;
; Total virtual pins                 ; 0                                                        ;
; Total memory bits                  ; 0 / 3,981,312 ( 0 % )                                    ;
; Embedded Multiplier 9-bit elements ; 0 / 532 ( 0 % )                                          ;
; Total PLLs                         ; 0 / 4 ( 0 % )                                            ;
+------------------------------------+----------------------------------------------------------+


+-----------------------------------------+
; Flow Settings                           ;
+-------------------+---------------------+
; Option            ; Setting             ;
+-------------------+---------------------+
; Start date & time ; 12/23/2020 11:50:13 ;
; Main task         ; Compilation         ;
; Revision Name     ; Magic_Box           ;
+-------------------+---------------------+


+----------------------------------------------------------------------------------------------------------------------------+
; Flow Non-Default Global Settings                                                                                           ;
+-------------------------------------+---------------------------------------+---------------+-------------+----------------+
; Assignment Name                     ; Value                                 ; Default Value ; Entity Name ; Section Id     ;
+-------------------------------------+---------------------------------------+---------------+-------------+----------------+
; COMPILER_SIGNATURE_ID               ; 264403984483429.160871341310772       ; --            ; --          ; --             ;
; EDA_GENERATE_FUNCTIONAL_NETLIST     ; On                                    ; --            ; --          ; eda_simulation ;
; EDA_OUTPUT_DATA_FORMAT              ; Verilog Hdl                           ; --            ; --          ; eda_simulation ;
; EDA_SIMULATION_TOOL                 ; ModelSim-Altera (Verilog)             ; <None>        ; --          ; --             ;
; EDA_TIME_SCALE                      ; 1 ps                                  ; --            ; --          ; eda_simulation ;
; MAX_CORE_JUNCTION_TEMP              ; 85                                    ; --            ; --          ; --             ;
; MIN_CORE_JUNCTION_TEMP              ; 0                                     ; --            ; --          ; --             ;
; OUTPUT_IO_TIMING_FAR_END_VMEAS      ; Half Signal Swing                     ; --            ; --          ; --             ;
; OUTPUT_IO_TIMING_FAR_END_VMEAS      ; Half Signal Swing                     ; --            ; --          ; --             ;
; OUTPUT_IO_TIMING_NEAR_END_VMEAS     ; Half Vccio                            ; --            ; --          ; --             ;
; OUTPUT_IO_TIMING_NEAR_END_VMEAS     ; Half Vccio                            ; --            ; --          ; --             ;
; PARTITION_COLOR                     ; 16764057                              ; --            ; --          ; Top            ;
; PARTITION_FITTER_PRESERVATION_LEVEL ; PLACEMENT_AND_ROUTING                 ; --            ; --          ; Top            ;
; PARTITION_NETLIST_TYPE              ; SOURCE                                ; --            ; --          ; Top            ;
; POWER_BOARD_THERMAL_MODEL           ; None (CONSERVATIVE)                   ; --            ; --          ; --             ;
; POWER_PRESET_COOLING_SOLUTION       ; 23 MM HEAT SINK WITH 200 LFPM AIRFLOW ; --            ; --          ; --             ;
; POWER_USE_DEVICE_CHARACTERISTICS    ; MAXIMUM                               ; TYPICAL       ; --          ; --             ;
; PROJECT_OUTPUT_DIRECTORY            ; output_files                          ; --            ; --          ; --             ;
+-------------------------------------+---------------------------------------+---------------+-------------+----------------+


+-------------------------------------------------------------------------------------------------------------------------------+
; Flow Elapsed Time                                                                                                             ;
+---------------------------+--------------+-------------------------+---------------------+------------------------------------+
; Module Name               ; Elapsed Time ; Average Processors Used ; Peak Virtual Memory ; Total CPU Time (on all processors) ;
+---------------------------+--------------+-------------------------+---------------------+------------------------------------+
; Analysis & Synthesis      ; 00:00:02     ; 1.0                     ; 386 MB              ; 00:00:01                           ;
; Fitter                    ; 00:00:13     ; 1.7                     ; 798 MB              ; 00:00:21                           ;
; Assembler                 ; 00:00:07     ; 1.0                     ; 379 MB              ; 00:00:06                           ;
; TimeQuest Timing Analyzer ; 00:00:02     ; 1.0                     ; 435 MB              ; 00:00:03                           ;
; EDA Netlist Writer        ; 00:00:00     ; 1.0                     ; 341 MB              ; 00:00:01                           ;
; EDA Netlist Writer        ; 00:00:01     ; 1.0                     ; 332 MB              ; 00:00:01                           ;
; EDA Netlist Writer        ; 00:00:00     ; 1.0                     ; 339 MB              ; 00:00:01                           ;
; EDA Netlist Writer        ; 00:00:01     ; 1.0                     ; 332 MB              ; 00:00:01                           ;
; EDA Netlist Writer        ; 00:00:01     ; 1.0                     ; 339 MB              ; 00:00:01                           ;
; EDA Netlist Writer        ; 00:00:01     ; 1.0                     ; 332 MB              ; 00:00:01                           ;
; EDA Netlist Writer        ; 00:00:01     ; 1.0                     ; 339 MB              ; 00:00:01                           ;
; Total                     ; 00:00:29     ; --                      ; --                  ; 00:00:38                           ;
+---------------------------+--------------+-------------------------+---------------------+------------------------------------+


+----------------------------------------------------------------------------------------+
; Flow OS Summary                                                                        ;
+---------------------------+------------------+-----------+------------+----------------+
; Module Name               ; Machine Hostname ; OS Name   ; OS Version ; Processor type ;
+---------------------------+------------------+-----------+------------+----------------+
; Analysis & Synthesis      ; DESKTOP-N2AB7UC  ; Windows 7 ; 6.2        ; x86_64         ;
; Fitter                    ; DESKTOP-N2AB7UC  ; Windows 7 ; 6.2        ; x86_64         ;
; Assembler                 ; DESKTOP-N2AB7UC  ; Windows 7 ; 6.2        ; x86_64         ;
; TimeQuest Timing Analyzer ; DESKTOP-N2AB7UC  ; Windows 7 ; 6.2        ; x86_64         ;
; EDA Netlist Writer        ; DESKTOP-N2AB7UC  ; Windows 7 ; 6.2        ; x86_64         ;
; EDA Netlist Writer        ; DESKTOP-N2AB7UC  ; Windows 7 ; 6.2        ; x86_64         ;
; EDA Netlist Writer        ; DESKTOP-N2AB7UC  ; Windows 7 ; 6.2        ; x86_64         ;
; EDA Netlist Writer        ; DESKTOP-N2AB7UC  ; Windows 7 ; 6.2        ; x86_64         ;
; EDA Netlist Writer        ; DESKTOP-N2AB7UC  ; Windows 7 ; 6.2        ; x86_64         ;
; EDA Netlist Writer        ; DESKTOP-N2AB7UC  ; Windows 7 ; 6.2        ; x86_64         ;
; EDA Netlist Writer        ; DESKTOP-N2AB7UC  ; Windows 7 ; 6.2        ; x86_64         ;
+---------------------------+------------------+-----------+------------+----------------+


------------
; Flow Log ;
------------
quartus_map --read_settings_files=on --write_settings_files=off Magic_Box -c Magic_Box
quartus_fit --read_settings_files=off --write_settings_files=off Magic_Box -c Magic_Box
quartus_asm --read_settings_files=off --write_settings_files=off Magic_Box -c Magic_Box
quartus_sta Magic_Box -c Magic_Box
quartus_eda --read_settings_files=off --write_settings_files=off Magic_Box -c Magic_Box
quartus_eda --gen_testbench --check_outputs=on --tool=modelsim_oem --format=verilog Magic_Box -c Magic_Box --vector_source=E:/QUARTUS/Magic_Box/Waveform.vwf --testbench_file=./simulation/qsim/Magic_Box.vt
quartus_eda --functional=on --simulation=on --tool=modelsim_oem --format=verilog Magic_Box -c Magic_Box
quartus_eda --gen_testbench --check_outputs=on --tool=modelsim_oem --format=verilog Magic_Box -c Magic_Box --vector_source=E:/QUARTUS/Magic_Box/Waveform.vwf --testbench_file=./simulation/qsim/Magic_Box.vt
quartus_eda --functional=on --simulation=on --tool=modelsim_oem --format=verilog Magic_Box -c Magic_Box
quartus_eda --gen_testbench --check_outputs=on --tool=modelsim_oem --format=verilog Magic_Box -c Magic_Box --vector_source=E:/QUARTUS/Magic_Box/Waveform.vwf --testbench_file=./simulation/qsim/Magic_Box.vt
quartus_eda --functional=off --timescale=1ps --simulation=on --tool=modelsim_oem --format=verilog Magic_Box -c Magic_Box



